2025-09-10 21:27:11.788 [info] [main] Log level: Info
2025-09-10 21:27:11.788 [info] [main] Validating found git in: "C:\Program Files\Git\cmd\git.exe"
2025-09-10 21:27:11.788 [info] [main] Using git "2.50.0.windows.1" from "C:\Program Files\Git\cmd\git.exe"
2025-09-10 21:27:11.788 [info] [Model][doInitialScan] Initial repository scan started
2025-09-10 21:27:11.788 [info] [Model][doInitialScan] Initial repository scan completed - repositories (0), closed repositories (0), parent repositories (0), unsafe repositories (0)
2025-09-10 21:28:06.566 [info] [main] Log level: Info
2025-09-10 21:28:06.566 [info] [main] Validating found git in: "C:\Program Files\Git\cmd\git.exe"
2025-09-10 21:28:06.620 [info] [main] Using git "2.50.0.windows.1" from "C:\Program Files\Git\cmd\git.exe"
2025-09-10 21:28:06.620 [info] [Model][doInitialScan] Initial repository scan started
2025-09-10 21:28:06.679 [info] > git rev-parse --show-toplevel [47ms]
2025-09-10 21:28:06.727 [info] > git rev-parse --show-toplevel [43ms]
2025-09-10 21:28:06.775 [info] > git rev-parse --show-toplevel [45ms]
2025-09-10 21:28:06.822 [info] > git rev-parse --show-toplevel [44ms]
2025-09-10 21:28:06.869 [info] > git rev-parse --show-toplevel [44ms]
2025-09-10 21:28:06.916 [info] > git rev-parse --show-toplevel [42ms]
2025-09-10 21:28:06.918 [info] [Model][doInitialScan] Initial repository scan completed - repositories (0), closed repositories (0), parent repositories (1), unsafe repositories (0)
2025-09-10 21:28:13.109 [info] > git rev-parse --show-toplevel [47ms]
2025-09-10 21:28:19.023 [info] > git rev-parse --show-toplevel [50ms]
2025-09-10 21:28:45.668 [info] > git rev-parse --show-toplevel [47ms]
2025-09-10 21:28:53.334 [info] > git rev-parse --show-toplevel [46ms]
